#
# There is insufficient memory for the Java Runtime Environment to continue.
# Native memory allocation (mmap) failed to map 4194304 bytes. Error detail: G1 virtual space
# Possible reasons:
#   The system is out of physical RAM or swap space
#   This process is running with CompressedOops enabled, and the Java Heap may be blocking the growth of the native heap
# Possible solutions:
#   Reduce memory load on the system
#   Increase physical memory or swap space
#   Check if swap backing store is full
#   Decrease Java heap size (-Xmx/-Xms)
#   Decrease number of Java threads
#   Decrease Java thread stack sizes (-Xss)
#   Set larger code cache with -XX:ReservedCodeCacheSize=
#   JVM is running with Zero Based Compressed Oops mode in which the Java heap is
#     placed in the first 32GB address space. The Java Heap base address is the
#     maximum limit for the native heap growth. Please use -XX:HeapBaseMinAddress
#     to set the Java Heap base and to place the Java Heap above 32GB virtual address.
# This output file may be truncated or incomplete.
#
#  Out of Memory Error (os_windows.cpp:3613), pid=40688, tid=36476
#
# JRE version:  (17.0.11+9) (build )
# Java VM: OpenJDK 64-Bit Server VM (17.0.11+9, mixed mode, sharing, tiered, compressed oops, compressed class ptrs, g1 gc, windows-amd64)
# No core dump will be written. Minidumps are not enabled by default on client versions of Windows
#

---------------  S U M M A R Y ------------

Command Line: -Dfile.encoding=UTF-8 -Dstdout.encoding=UTF-8 -Dstderr.encoding=UTF-8 -XX:+ShowCodeDetailsInExceptionMessages TechTreasury.MainMethod

Host: AMD Ryzen 5 5600 6-Core Processor              , 12 cores, 15G,  Windows 10 , 64 bit Build 19041 (10.0.19041.3636)
Time: Thu May 23 17:51:40 2024 Malay Peninsula Standard Time elapsed time: 0.007624 seconds (0d 0h 0m 0s)

---------------  T H R E A D  ---------------

Current thread (0x000001b82adabb70):  JavaThread "Unknown thread" [_thread_in_vm, id=36476, stack(0x00000088bad00000,0x00000088bae00000)]

Stack: [0x00000088bad00000,0x00000088bae00000]
Native frames: (J=compiled Java code, j=interpreted, Vv=VM code, C=native code)
V  [jvm.dll+0x67d429]
V  [jvm.dll+0x834b7a]
V  [jvm.dll+0x83663e]
V  [jvm.dll+0x836ca3]
V  [jvm.dll+0x247dbf]
V  [jvm.dll+0x67a269]
V  [jvm.dll+0x66ecda]
V  [jvm.dll+0x30797b]
V  [jvm.dll+0x30ee26]
V  [jvm.dll+0x35e823]
V  [jvm.dll+0x35ea3f]
V  [jvm.dll+0x2de6b8]
V  [jvm.dll+0x2df624]
V  [jvm.dll+0x806531]
V  [jvm.dll+0x36c561]
V  [jvm.dll+0x7e4f56]
V  [jvm.dll+0x3efdcf]
V  [jvm.dll+0x3f1921]
C  [jli.dll+0x528f]
C  [ucrtbase.dll+0x21bb2]
C  [KERNEL32.DLL+0x17344]
C  [ntdll.dll+0x526b1]


---------------  P R O C E S S  ---------------

Threads class SMR info:
_java_thread_list=0x00007fff3cbfeed8, length=0, elements={
}

Java Threads: ( => current thread )

Other Threads:
  0x000001b82ae17e60 GCTaskThread "GC Thread#0" [stack: 0x00000088bae00000,0x00000088baf00000] [id=18104]
  0x000001b82ae29390 ConcurrentGCThread "G1 Main Marker" [stack: 0x00000088baf00000,0x00000088bb000000] [id=37992]
  0x000001b82ae29db0 ConcurrentGCThread "G1 Conc#0" [stack: 0x00000088bb000000,0x00000088bb100000] [id=36580]

[error occurred during error reporting (printing all threads), id 0xc0000005, EXCEPTION_ACCESS_VIOLATION (0xc0000005) at pc=0x00007fff3c3bf0f7]

VM state: not at safepoint (not fully initialized)

VM Mutex/Monitor currently owned by a thread:  ([mutex/lock_event])
[0x000001b82ada59a0] Heap_lock - owner thread: 0x000001b82adabb70

Heap address: 0x0000000701c00000, size: 4068 MB, Compressed Oops mode: Zero based, Oop shift amount: 3

CDS archive(s) mapped at: [0x0000000000000000-0x0000000000000000-0x0000000000000000), size 0, SharedBaseAddress: 0x0000000800000000, ArchiveRelocationMode: 1.
Narrow klass base: 0x0000000000000000, Narrow klass shift: 0, Narrow klass range: 0x0

GC Precious Log:
<Empty>

Heap:
 garbage-first heap   total 0K, used 0K [0x0000000701c00000, 0x0000000800000000)
  region size 2048K, 0 young (0K), 0 survivors (0K)

[error occurred during error reporting (printing heap information), id 0xc0000005, EXCEPTION_ACCESS_VIOLATION (0xc0000005) at pc=0x00007fff3c7a70c9]

GC Heap History (0 events):
No events

Dll operation events (1 events):
Event: 0.004 Loaded shared library C:\Users\Alyx\.p2\pool\plugins\org.eclipse.justj.openjdk.hotspot.jre.full.win32.x86_64_17.0.11.v20240426-1830\jre\bin\java.dll

Deoptimization events (0 events):
No events

Classes unloaded (0 events):
No events

Classes redefined (0 events):
No events

Internal exceptions (0 events):
No events

VM Operations (0 events):
No events

Events (0 events):
No events


Dynamic libraries:
0x00007ff7d39c0000 - 0x00007ff7d39ce000 	C:\Users\Alyx\.p2\pool\plugins\org.eclipse.justj.openjdk.hotspot.jre.full.win32.x86_64_17.0.11.v20240426-1830\jre\bin\javaw.exe
0x00007fff957f0000 - 0x00007fff959e8000 	C:\Windows\SYSTEM32\ntdll.dll
0x00007fff93d20000 - 0x00007fff93ddd000 	C:\Windows\System32\KERNEL32.DLL
0x00007fff93340000 - 0x00007fff93636000 	C:\Windows\System32\KERNELBASE.dll
0x00007fff92fc0000 - 0x00007fff930c0000 	C:\Windows\System32\ucrtbase.dll
0x00007fff87a30000 - 0x00007fff87a47000 	C:\Users\Alyx\.p2\pool\plugins\org.eclipse.justj.openjdk.hotspot.jre.full.win32.x86_64_17.0.11.v20240426-1830\jre\bin\jli.dll
0x00007fff87a10000 - 0x00007fff87a2b000 	C:\Users\Alyx\.p2\pool\plugins\org.eclipse.justj.openjdk.hotspot.jre.full.win32.x86_64_17.0.11.v20240426-1830\jre\bin\VCRUNTIME140.dll
0x00007fff93880000 - 0x00007fff93a1f000 	C:\Windows\System32\USER32.dll
0x00007fff93640000 - 0x00007fff93662000 	C:\Windows\System32\win32u.dll
0x00007fff95780000 - 0x00007fff957ab000 	C:\Windows\System32\GDI32.dll
0x00007fff7c0b0000 - 0x00007fff7c34a000 	C:\Windows\WinSxS\amd64_microsoft.windows.common-controls_6595b64144ccf1df_6.0.19041.4355_none_60b8b9eb71f62e16\COMCTL32.dll
0x00007fff92ea0000 - 0x00007fff92fb7000 	C:\Windows\System32\gdi32full.dll
0x00007fff93c80000 - 0x00007fff93d1e000 	C:\Windows\System32\msvcrt.dll
0x00007fff93780000 - 0x00007fff9381d000 	C:\Windows\System32\msvcp_win.dll
0x00007fff93e10000 - 0x00007fff93e42000 	C:\Windows\System32\IMM32.DLL
0x00007fff8dd40000 - 0x00007fff8dd4c000 	C:\Users\Alyx\.p2\pool\plugins\org.eclipse.justj.openjdk.hotspot.jre.full.win32.x86_64_17.0.11.v20240426-1830\jre\bin\vcruntime140_1.dll
0x00007fff69c80000 - 0x00007fff69d0d000 	C:\Users\Alyx\.p2\pool\plugins\org.eclipse.justj.openjdk.hotspot.jre.full.win32.x86_64_17.0.11.v20240426-1830\jre\bin\msvcp140.dll
0x00007fff3c0d0000 - 0x00007fff3cd32000 	C:\Users\Alyx\.p2\pool\plugins\org.eclipse.justj.openjdk.hotspot.jre.full.win32.x86_64_17.0.11.v20240426-1830\jre\bin\server\jvm.dll
0x00007fff95400000 - 0x00007fff954b0000 	C:\Windows\System32\ADVAPI32.dll
0x00007fff94000000 - 0x00007fff940a0000 	C:\Windows\System32\sechost.dll
0x00007fff954b0000 - 0x00007fff955d3000 	C:\Windows\System32\RPCRT4.dll
0x00007fff93750000 - 0x00007fff93777000 	C:\Windows\System32\bcrypt.dll
0x00007fff923d0000 - 0x00007fff9241b000 	C:\Windows\SYSTEM32\POWRPROF.dll
0x00007fff80600000 - 0x00007fff80627000 	C:\Windows\SYSTEM32\WINMM.dll
0x00007fff73420000 - 0x00007fff73429000 	C:\Windows\SYSTEM32\WSOCK32.dll
0x00007fff94a50000 - 0x00007fff94abb000 	C:\Windows\System32\WS2_32.dll
0x00007fff8b9d0000 - 0x00007fff8b9da000 	C:\Windows\SYSTEM32\VERSION.dll
0x00007fff92290000 - 0x00007fff922a2000 	C:\Windows\SYSTEM32\UMPDC.dll
0x00007fff90d40000 - 0x00007fff90d52000 	C:\Windows\SYSTEM32\kernel.appcore.dll
0x00007fff90610000 - 0x00007fff9061a000 	C:\Users\Alyx\.p2\pool\plugins\org.eclipse.justj.openjdk.hotspot.jre.full.win32.x86_64_17.0.11.v20240426-1830\jre\bin\jimage.dll
0x00007fff7ce60000 - 0x00007fff7d044000 	C:\Windows\SYSTEM32\DBGHELP.DLL
0x00007fff71090000 - 0x00007fff710c4000 	C:\Windows\SYSTEM32\dbgcore.DLL
0x00007fff93670000 - 0x00007fff936f2000 	C:\Windows\System32\bcryptPrimitives.dll
0x00007fff8c1e0000 - 0x00007fff8c205000 	C:\Users\Alyx\.p2\pool\plugins\org.eclipse.justj.openjdk.hotspot.jre.full.win32.x86_64_17.0.11.v20240426-1830\jre\bin\java.dll

dbghelp: loaded successfully - version: 4.0.5 - missing functions: none
symbol engine: initialized successfully - sym options: 0x614 - pdb path: .;C:\Users\Alyx\.p2\pool\plugins\org.eclipse.justj.openjdk.hotspot.jre.full.win32.x86_64_17.0.11.v20240426-1830\jre\bin;C:\Windows\SYSTEM32;C:\Windows\WinSxS\amd64_microsoft.windows.common-controls_6595b64144ccf1df_6.0.19041.4355_none_60b8b9eb71f62e16;C:\Users\Alyx\.p2\pool\plugins\org.eclipse.justj.openjdk.hotspot.jre.full.win32.x86_64_17.0.11.v20240426-1830\jre\bin\server

VM Arguments:
jvm_args: -Dfile.encoding=UTF-8 -Dstdout.encoding=UTF-8 -Dstderr.encoding=UTF-8 -XX:+ShowCodeDetailsInExceptionMessages 
java_command: TechTreasury.MainMethod
java_class_path (initial): C:\Users\Alyx\eclipse-workspace\OOP_FinalProject\bin
Launcher Type: SUN_STANDARD

[Global flags]
     intx CICompilerCount                          = 4                                         {product} {ergonomic}
     uint ConcGCThreads                            = 3                                         {product} {ergonomic}
     uint G1ConcRefinementThreads                  = 10                                        {product} {ergonomic}
   size_t G1HeapRegionSize                         = 2097152                                   {product} {ergonomic}
    uintx GCDrainStackTargetSize                   = 64                                        {product} {ergonomic}
   size_t InitialHeapSize                          = 268435456                                 {product} {ergonomic}
   size_t MarkStackSize                            = 4194304                                   {product} {ergonomic}
   size_t MaxHeapSize                              = 4265607168                                {product} {ergonomic}
   size_t MinHeapDeltaBytes                        = 2097152                                   {product} {ergonomic}
   size_t MinHeapSize                              = 8388608                                   {product} {ergonomic}
    uintx NonNMethodCodeHeapSize                   = 5839372                                {pd product} {ergonomic}
    uintx NonProfiledCodeHeapSize                  = 122909434                              {pd product} {ergonomic}
    uintx ProfiledCodeHeapSize                     = 122909434                              {pd product} {ergonomic}
    uintx ReservedCodeCacheSize                    = 251658240                              {pd product} {ergonomic}
     bool SegmentedCodeCache                       = true                                      {product} {ergonomic}
     bool ShowCodeDetailsInExceptionMessages       = true                                   {manageable} {command line}
   size_t SoftMaxHeapSize                          = 4265607168                             {manageable} {ergonomic}
     bool UseCompressedClassPointers               = true                           {product lp64_product} {ergonomic}
     bool UseCompressedOops                        = true                           {product lp64_product} {ergonomic}
     bool UseG1GC                                  = true                                      {product} {ergonomic}
     bool UseLargePagesIndividualAllocation        = false                                  {pd product} {ergonomic}

Logging:
Log output configuration:
 #0: stdout all=warning uptime,level,tags
 #1: stderr all=off uptime,level,tags

Environment Variables:
PATH=C:/Users/Alyx/.p2/pool/plugins/org.eclipse.justj.openjdk.hotspot.jre.full.win32.x86_64_17.0.11.v20240426-1830/jre/bin/server;C:/Users/Alyx/.p2/pool/plugins/org.eclipse.justj.openjdk.hotspot.jre.full.win32.x86_64_17.0.11.v20240426-1830/jre/bin;C:\Windows\system32;C:\Windows;C:\Windows\System32\Wbem;C:\Windows\System32\WindowsPowerShell\v1.0\;C:\Windows\System32\OpenSSH\;C:\Program Files\dotnet\;C:\Program Files\NVIDIA Corporation\NVIDIA NvDLISR;C:\Program Files\Git\cmd;C:\Users\Alyx\AppData\Local\Programs\Python\Launcher\;C:\Users\Alyx\AppData\Local\Microsoft\WindowsApps;C:\Users\Alyx\AppData\Local\Programs\Microsoft VS Code\bin;C:\Users\Alyx\.dotnet\tools;C:\Users\Alyx\AppData\Local\GitHubDesktop\bin;C:\Windows\System32;
USERNAME=Alyx
OS=Windows_NT
PROCESSOR_IDENTIFIER=AMD64 Family 25 Model 33 Stepping 2, AuthenticAMD
TMP=C:\Users\Alyx\AppData\Local\Temp
TEMP=C:\Users\Alyx\AppData\Local\Temp



Periodic native trim disabled


---------------  S Y S T E M  ---------------

OS:
 Windows 10 , 64 bit Build 19041 (10.0.19041.3636)
OS uptime: 4 days 5:15 hours

CPU: total 12 (initial active 12) (12 cores per cpu, 2 threads per core) family 25 model 33 stepping 2 microcode 0x0, cx8, cmov, fxsr, ht, mmx, 3dnowpref, sse, sse2, sse3, ssse3, sse4a, sse4.1, sse4.2, popcnt, lzcnt, tsc, tscinvbit, avx, avx2, aes, erms, clmul, bmi1, bmi2, adx, sha, fma, vzeroupper, clflush, clflushopt
Processor Information for all 12 processors :
  Max Mhz: 3501, Current Mhz: 3501, Mhz Limit: 3501

Memory: 4k page, system-wide physical 16270M (987M free)
TotalPageFile size 65422M (AvailPageFile size 5M)
current process WorkingSet (physical memory assigned to process): 10M, peak: 10M
current process commit charge ("private bytes"): 320M, peak: 324M

vm_info: OpenJDK 64-Bit Server VM (17.0.11+9) for windows-amd64 JRE (17.0.11+9), built on Apr 17 2024 06:07:48 by "admin" with MS VC++ 16.10 / 16.11 (VS2019)

END.
